<?xml version="1.0" encoding="UTF-8"?>
<!-- Generated by org.testng.reporters.JUnitReportReporter -->
<testsuite hostname="Urmilak" failures="0" tests="2" name="com.pac1.CreateContactTest" time="0.014" errors="0" timestamp="2025-01-10T09:58:21 IST" skipped="0">
  <testcase classname="com.pac1.CreateContactTest" name="createContact" time="0.007"/>
  <system-out/>
  <testcase classname="com.pac1.CreateContactTest" name="createContactWithDate" time="0.007"/>
  <system-out/>
</testsuite> <!-- com.pac1.CreateContactTest -->
