<?xml version="1.0" encoding="UTF-8"?>
<!-- Generated by org.testng.reporters.JUnitReportReporter -->
<testsuite hostname="Urmilak" failures="0" tests="1" name="com.comcast.crm.batchexeOrg.CreateOrganizationTest2exbc" time="39.223" errors="0" timestamp="2025-01-11T09:12:46 IST" skipped="0">
  <testcase classname="com.comcast.crm.batchexeOrg.CreateOrganizationTest2exbc" name="createOrgTest" time="39.223"/>
  <system-out/>
</testsuite> <!-- com.comcast.crm.batchexeOrg.CreateOrganizationTest2exbc -->
