<?xml version="1.0" encoding="UTF-8"?>
<!-- Generated by org.testng.reporters.JUnitReportReporter -->
<testsuite hostname="Urmilak" failures="0" tests="3" name="com.ContactWithTestng.CreateContactTest" time="124.383" errors="0" timestamp="2025-01-17T10:28:42 IST" skipped="0">
  <testcase classname="com.ContactWithTestng.CreateContactTest" name="CreateContactWithOrg" time="44.926"/>
  <system-out/>
  <testcase classname="com.ContactWithTestng.CreateContactTest" name="CreateContact" time="33.703"/>
  <system-out/>
  <testcase classname="com.ContactWithTestng.CreateContactTest" name="CreateContactWithSupportDate" time="45.754"/>
  <system-out/>
</testsuite> <!-- com.ContactWithTestng.CreateContactTest -->
