<?xml version="1.0" encoding="UTF-8"?>
<!-- Generated by org.testng.reporters.JUnitReportReporter -->
<testsuite hostname="Urmilak" failures="0" tests="1" name="com.comcast.crm.ExtentReport.CreateContactTest" time="37.291" errors="0" timestamp="2025-01-17T11:12:33 IST" skipped="0">
  <testcase classname="com.comcast.crm.ExtentReport.CreateContactTest" name="CreateContact" time="37.291"/>
  <system-out/>
</testsuite> <!-- com.comcast.crm.ExtentReport.CreateContactTest -->
