<?xml version="1.0" encoding="UTF-8"?>
<!-- Generated by org.testng.reporters.JUnitReportReporter -->
<testsuite hostname="Urmilak" failures="0" tests="1" name="practice.test.GetProductTest" time="1.197" errors="0" timestamp="2025-01-09T13:51:37 IST" skipped="0">
  <testcase classname="practice.test.GetProductTest" name="test" time="1.197"/>
  <system-out/>
</testsuite> <!-- practice.test.GetProductTest -->
