<?xml version="1.0" encoding="UTF-8"?>
<!-- Generated by org.testng.reporters.JUnitReportReporter -->
<testsuite hostname="Urmilak" failures="0" tests="1" name="com.concast.crm.orgtest.CreateOrganizationTest2exbc" time="30.687" errors="0" timestamp="2025-01-10T14:20:28 IST" skipped="0">
  <testcase classname="com.concast.crm.orgtest.CreateOrganizationTest2exbc" name="createOrgTest" time="30.687"/>
  <system-out/>
</testsuite> <!-- com.concast.crm.orgtest.CreateOrganizationTest2exbc -->
