<?xml version="1.0" encoding="UTF-8"?>
<!-- Generated by org.testng.reporters.JUnitReportReporter -->
<testsuite hostname="Urmilak" failures="0" tests="1" name="practice.test.GetProductInfoTest" time="0.000" errors="0" timestamp="2025-01-09T14:10:54 IST" skipped="1">
  <testcase classname="practice.test.GetProductInfoTest" name="getProductInfoTest" time="0.000">
    <skipped/>
  </testcase> <!-- getProductInfoTest -->
  <system-out/>
</testsuite> <!-- practice.test.GetProductInfoTest -->
