<?xml version="1.0" encoding="UTF-8"?>
<!-- Generated by org.testng.reporters.JUnitReportReporter -->
<testsuite hostname="Urmilak" failures="0" tests="3" name="com.OrgwithTestng.CreateOrganizationTest" time="116.050" errors="0" timestamp="2025-01-12T20:35:56 IST" skipped="0">
  <testcase classname="com.OrgwithTestng.CreateOrganizationTest" name="createOrgTest" time="42.110"/>
  <system-out/>
  <testcase classname="com.OrgwithTestng.CreateOrganizationTest" name="creatOrgWithInd" time="40.023"/>
  <system-out/>
  <testcase classname="com.OrgwithTestng.CreateOrganizationTest" name="createOrgWithPhoneNumber" time="33.917"/>
  <system-out/>
</testsuite> <!-- com.OrgwithTestng.CreateOrganizationTest -->
