<?xml version="1.0" encoding="UTF-8"?>
<!-- Generated by org.testng.reporters.JUnitReportReporter -->
<testsuite hostname="Urmilak" failures="0" tests="1" name="crm.comcast.crm.basetest.BaseClass1" time="10.674" errors="0" timestamp="2025-01-10T12:17:33 IST" skipped="0">
  <testcase classname="crm.comcast.crm.basetest.BaseClass1" name="login" time="10.674"/>
  <system-out/>
</testsuite> <!-- crm.comcast.crm.basetest.BaseClass1 -->
